Using pre-set license
Built from '2021.3/staging' branch; Version is '2021.3.8f1 (b30333d56e81) revision 11731763'; Using compiler version '192829333'; Build Type 'Release'
OS: 'Windows 11  (10.0.22000) 64bit Core' Language: 'en' Physical Memory: 16152 MB
BatchMode: 1, IsHumanControllingUs: 0, StartBugReporterOnCrash: 0, Is64bit: 1, IsPro: 1

COMMAND LINE ARGUMENTS:
C:\Program Files\Unity\Hub\Editor\2021.3.8f1\Editor\Unity.exe
-adb2
-batchMode
-noUpm
-name
AssetImportWorker0
-projectPath
C:/#UnityProject/VRAssignment#1/GroupProject
-logFile
Logs/AssetImportWorker0.log
-srvPort
50620
Successfully changed project path to: C:/#UnityProject/VRAssignment#1/GroupProject
C:/#UnityProject/VRAssignment#1/GroupProject
[UnityMemory] Configuration Parameters - Can be set up in boot.config
    "memorysetup-bucket-allocator-granularity=16"
    "memorysetup-bucket-allocator-bucket-count=8"
    "memorysetup-bucket-allocator-block-size=33554432"
    "memorysetup-bucket-allocator-block-count=8"
    "memorysetup-main-allocator-block-size=16777216"
    "memorysetup-thread-allocator-block-size=16777216"
    "memorysetup-gfx-main-allocator-block-size=16777216"
    "memorysetup-gfx-thread-allocator-block-size=16777216"
    "memorysetup-cache-allocator-block-size=4194304"
    "memorysetup-typetree-allocator-block-size=2097152"
    "memorysetup-profiler-bucket-allocator-granularity=16"
    "memorysetup-profiler-bucket-allocator-bucket-count=8"
    "memorysetup-profiler-bucket-allocator-block-size=33554432"
    "memorysetup-profiler-bucket-allocator-block-count=8"
    "memorysetup-profiler-allocator-block-size=16777216"
    "memorysetup-profiler-editor-allocator-block-size=1048576"
    "memorysetup-temp-allocator-size-main=16777216"
    "memorysetup-job-temp-allocator-block-size=2097152"
    "memorysetup-job-temp-allocator-block-size-background=1048576"
    "memorysetup-job-temp-allocator-reduction-small-platforms=262144"
    "memorysetup-temp-allocator-size-background-worker=32768"
    "memorysetup-temp-allocator-size-job-worker=262144"
    "memorysetup-temp-allocator-size-preload-manager=33554432"
    "memorysetup-temp-allocator-size-nav-mesh-worker=65536"
    "memorysetup-temp-allocator-size-audio-worker=65536"
    "memorysetup-temp-allocator-size-cloud-worker=32768"
    "memorysetup-temp-allocator-size-gi-baking-worker=262144"
    "memorysetup-temp-allocator-size-gfx=262144"
Refreshing native plugins compatible for Editor in 116.29 ms, found 11 plugins.
Preloading 1 native plugins for Editor in 0.63 ms.
Initialize engine version: 2021.3.8f1 (b30333d56e81)
[Subsystems] Discovering subsystems at path C:/Program Files/Unity/Hub/Editor/2021.3.8f1/Editor/Data/Resources/UnitySubsystems
[Subsystems] Discovering subsystems at path C:/#UnityProject/VRAssignment#1/GroupProject/Assets
GfxDevice: creating device client; threaded=0; jobified=0
Direct3D:
    Version:  Direct3D 11.0 [level 11.1]
    Renderer: NVIDIA GeForce RTX 3070 Ti Laptop GPU (ID=0x24a0)
    Vendor:   NVIDIA
    VRAM:     8032 MB
    Driver:   31.0.15.2686
Initialize mono
Mono path[0] = 'C:/Program Files/Unity/Hub/Editor/2021.3.8f1/Editor/Data/Managed'
Mono path[1] = 'C:/Program Files/Unity/Hub/Editor/2021.3.8f1/Editor/Data/MonoBleedingEdge/lib/mono/unityjit-win32'
Mono config path = 'C:/Program Files/Unity/Hub/Editor/2021.3.8f1/Editor/Data/MonoBleedingEdge/etc'
Using monoOptions --debugger-agent=transport=dt_socket,embedding=1,server=y,suspend=n,address=127.0.0.1:56552
Begin MonoManager ReloadAssembly
Registering precompiled unity dll's ...
Register platform support module: C:/Program Files/Unity/Hub/Editor/2021.3.8f1/Editor/Data/PlaybackEngines/WebGLSupport/UnityEditor.WebGL.Extensions.dll
Register platform support module: C:/Program Files/Unity/Hub/Editor/2021.3.8f1/Editor/Data/PlaybackEngines/AndroidPlayer/UnityEditor.Android.Extensions.dll
Register platform support module: C:/Program Files/Unity/Hub/Editor/2021.3.8f1/Editor/Data/PlaybackEngines/WindowsStandaloneSupport/UnityEditor.WindowsStandalone.Extensions.dll
Registered in 0.005404 seconds.
Native extension for WindowsStandalone target not found
Native extension for Android target not found
Native extension for WebGL target not found
Refreshing native plugins compatible for Editor in 94.25 ms, found 11 plugins.
Preloading 1 native plugins for Editor in 0.13 ms.
Mono: successfully reloaded assembly
- Completed reload, in  0.663 seconds
Domain Reload Profiling:
	ReloadAssembly (663ms)
		BeginReloadAssembly (74ms)
			ExecutionOrderSort (0ms)
			DisableScriptedObjects (0ms)
			BackupInstance (0ms)
			ReleaseScriptingObjects (0ms)
			CreateAndSetChildDomain (1ms)
		EndReloadAssembly (505ms)
			LoadAssemblies (196ms)
			RebuildTransferFunctionScriptingTraits (0ms)
			SetupTypeCache (86ms)
			ReleaseScriptCaches (0ms)
			RebuildScriptCaches (18ms)
			SetupLoadedEditorAssemblies (237ms)
				LogAssemblyErrors (0ms)
				InitializePlatformSupportModulesInManaged (40ms)
				SetLoadedEditorAssemblies (0ms)
				RefreshPlugins (94ms)
				BeforeProcessingInitializeOnLoad (1ms)
				ProcessInitializeOnLoadAttributes (67ms)
				ProcessInitializeOnLoadMethodAttributes (33ms)
				AfterProcessingInitializeOnLoad (0ms)
				EditorAssembliesLoaded (0ms)
			ExecutionOrderSort2 (0ms)
			AwakeInstancesAfterBackupRestoration (0ms)
Platform modules already initialized, skipping
Registering precompiled user dll's ...
Registered in 0.017065 seconds.
Begin MonoManager ReloadAssembly
Symbol file LoadedFromMemory doesn't match image C:\#UnityProject\VRAssignment#1\GroupProject\Library\PackageCache\com.unity.visualscripting@1.7.8\Editor\VisualScripting.Core\Dependencies\DotNetZip\Unity.VisualScripting.IonicZip.dll
Symbol file LoadedFromMemory doesn't match image C:\#UnityProject\VRAssignment#1\GroupProject\Library\PackageCache\com.unity.visualscripting@1.7.8\Editor\VisualScripting.Core\Dependencies\YamlDotNet\Unity.VisualScripting.YamlDotNet.dll
Native extension for WindowsStandalone target not found
Native extension for Android target not found
Native extension for WebGL target not found
Refreshing native plugins compatible for Editor in 91.78 ms, found 11 plugins.
Preloading 1 native plugins for Editor in 0.05 ms.
Package Manager log level set to [2]
System.Reflection.TargetInvocationException: Exception has been thrown by the target of an invocation. ---> System.NullReferenceException: Object reference not set to an instance of an object
  at Unity.XR.Oculus.OculusLoader.AssetPathToAbsolutePath (System.String assetPath) [0x0003d] in C:\#UnityProject\VRAssignment#1\GroupProject\Library\PackageCache\com.unity.xr.oculus@3.2.2\Runtime\OculusLoader.cs:296 
  at Unity.XR.Oculus.OculusLoader.EditorLoadOVRPlugin () [0x0007b] in C:\#UnityProject\VRAssignment#1\GroupProject\Library\PackageCache\com.unity.xr.oculus@3.2.2\Runtime\OculusLoader.cs:281 
  at (wrapper managed-to-native) System.Reflection.RuntimeMethodInfo.InternalInvoke(System.Reflection.RuntimeMethodInfo,object,object[],System.Exception&)
  at System.Reflection.RuntimeMethodInfo.Invoke (System.Object obj, System.Reflection.BindingFlags invokeAttr, System.Reflection.Binder binder, System.Object[] parameters, System.Globalization.CultureInfo culture) [0x0006a] in <c2a97e0383e8404c9fc0ae19d58f57f1>:0 
   --- End of inner exception stack trace ---
  at System.Reflection.RuntimeMethodInfo.Invoke (System.Object obj, System.Reflection.BindingFlags invokeAttr, System.Reflection.Binder binder, System.Object[] parameters, System.Globalization.CultureInfo culture) [0x00083] in <c2a97e0383e8404c9fc0ae19d58f57f1>:0 
  at System.Reflection.MethodBase.Invoke (System.Object obj, System.Object[] parameters) [0x00000] in <c2a97e0383e8404c9fc0ae19d58f57f1>:0 
  at UnityEditor.EditorAssemblies.ProcessInitializeOnLoadMethodAttributes () [0x000a5] in <5f40cdb07bd44d76a23dad985a4ec283>:0 
UnityEngine.StackTraceUtility:ExtractStackTrace ()
UnityEngine.DebugLogHandler:LogFormat (UnityEngine.LogType,UnityEngine.Object,string,object[])
UnityEngine.Logger:Log (UnityEngine.LogType,object)
UnityEngine.Debug:LogError (object)
UnityEditor.EditorAssemblies:ProcessInitializeOnLoadMethodAttributes ()

Mono: successfully reloaded assembly
- Completed reload, in  1.287 seconds
Domain Reload Profiling:
	ReloadAssembly (1287ms)
		BeginReloadAssembly (188ms)
			ExecutionOrderSort (0ms)
			DisableScriptedObjects (3ms)
			BackupInstance (0ms)
			ReleaseScriptingObjects (0ms)
			CreateAndSetChildDomain (123ms)
		EndReloadAssembly (1016ms)
			LoadAssemblies (130ms)
			RebuildTransferFunctionScriptingTraits (0ms)
			SetupTypeCache (225ms)
			ReleaseScriptCaches (1ms)
			RebuildScriptCaches (53ms)
			SetupLoadedEditorAssemblies (578ms)
				LogAssemblyErrors (0ms)
				InitializePlatformSupportModulesInManaged (9ms)
				SetLoadedEditorAssemblies (0ms)
				RefreshPlugins (92ms)
				BeforeProcessingInitializeOnLoad (101ms)
				ProcessInitializeOnLoadAttributes (293ms)
				ProcessInitializeOnLoadMethodAttributes (78ms)
				AfterProcessingInitializeOnLoad (4ms)
				EditorAssembliesLoaded (0ms)
			ExecutionOrderSort2 (0ms)
			AwakeInstancesAfterBackupRestoration (5ms)
Platform modules already initialized, skipping
========================================================================
Worker process is ready to serve import requests
Launched and connected shader compiler UnityShaderCompiler.exe after 0.04 seconds
Refreshing native plugins compatible for Editor in 1.36 ms, found 11 plugins.
Preloading 1 native plugins for Editor in 0.15 ms.
Unloading 6618 Unused Serialized files (Serialized files now loaded: 0)
Unloading 60 unused Assets / (0.8 MB). Loaded Objects now: 7075.
Memory consumption went from 256.5 MB to 255.6 MB.
Total: 5.006000 ms (FindLiveObjects: 0.811200 ms CreateObjectMapping: 0.236500 ms MarkObjects: 3.559700 ms  DeleteObjects: 0.397400 ms)

AssetImportParameters requested are different than current active one (requested -> active):
  custom:video-decoder-ogg-theora: a1e56fd34408186e4bbccfd4996cb3dc -> 
  custom:container-muxer-webm: aa71ff27fc2769a1b78a27578f13a17b -> 
  custom:container-demuxer-webm: 4f35f7cbe854078d1ac9338744f61a02 -> 
  custom:video-encoder-webm-vp8: eb34c28f22e8b96e1ab97ce403110664 -> 
  custom:audio-encoder-webm-vorbis: bf7c407c2cedff20999df2af8eb42d56 -> 
  custom:framework-win-MediaFoundation: 216162199b28c13a410421893ffa2e32 -> 
  custom:container-demuxer-ogg: 62fdf1f143b41e24485cea50d1cbac27 -> 
  custom:video-decoder-webm-vp8: 9c59270c3fd7afecdb556c50c9e8de78 -> 
  custom:audio-decoder-ogg-vorbis: bf7c407c2cedff20999df2af8eb42d56 -> 
========================================================================
Received Import Request.
  Time since last request: 551368.752627 seconds.
  path: Assets/Scripts/Type.cs
  artifactKey: Guid(318028320cd3a594faefecdd409127ce) Importer(815301076,1909f56bfc062723c751e8b465ee728b)
Start importing Assets/Scripts/Type.cs using Guid(318028320cd3a594faefecdd409127ce) Importer(815301076,1909f56bfc062723c751e8b465ee728b)  -> (artifact id: '92d68387a2e04eb89cc00eed49f59680') in 0.044658 seconds 
========================================================================
Received Import Request.
  Time since last request: 697.640998 seconds.
  path: Assets/Prefabs/Annotation_Button.prefab
  artifactKey: Guid(5ab32648d9419d048a17d73de1e01aac) Importer(815301076,1909f56bfc062723c751e8b465ee728b)
Start importing Assets/Prefabs/Annotation_Button.prefab using Guid(5ab32648d9419d048a17d73de1e01aac) Importer(815301076,1909f56bfc062723c751e8b465ee728b)  -> (artifact id: '2fff534d4f679ea4831c552c9be803df') in 0.065114 seconds 
========================================================================
Received Import Request.
  Time since last request: 0.000024 seconds.
  path: Assets/Prefabs/Table.prefab
  artifactKey: Guid(075ce734a76c1e6419bf48743d6835a0) Importer(815301076,1909f56bfc062723c751e8b465ee728b)
Start importing Assets/Prefabs/Table.prefab using Guid(075ce734a76c1e6419bf48743d6835a0) Importer(815301076,1909f56bfc062723c751e8b465ee728b)  -> (artifact id: '7d72a500db40f36cb3faa03453704982') in 0.200952 seconds 
========================================================================
Received Import Request.
  Time since last request: 0.000036 seconds.
  path: Assets/Prefabs/dresser.prefab
  artifactKey: Guid(d208266bcfcde4eefa087f0a7d53db32) Importer(815301076,1909f56bfc062723c751e8b465ee728b)
Start importing Assets/Prefabs/dresser.prefab using Guid(d208266bcfcde4eefa087f0a7d53db32) Importer(815301076,1909f56bfc062723c751e8b465ee728b)  -> (artifact id: '5ead3ed5b8f9b28ede7ebe8da8d074bc') in 0.025116 seconds 
========================================================================
Received Import Request.
  Time since last request: 0.000030 seconds.
  path: Assets/Prefabs/toiletBrush.prefab
  artifactKey: Guid(ad3e2fd34043248ca95434e004779d8e) Importer(815301076,1909f56bfc062723c751e8b465ee728b)
Start importing Assets/Prefabs/toiletBrush.prefab using Guid(ad3e2fd34043248ca95434e004779d8e) Importer(815301076,1909f56bfc062723c751e8b465ee728b)  -> (artifact id: 'a268e9b5b1144c497cffbe66c1044f53') in 0.015615 seconds 
========================================================================
Received Import Request.
  Time since last request: 0.000026 seconds.
  path: Assets/Prefabs/tv1.prefab
  artifactKey: Guid(3e78d3fee54ac4cc0a46dcdb3c7f465d) Importer(815301076,1909f56bfc062723c751e8b465ee728b)
Start importing Assets/Prefabs/tv1.prefab using Guid(3e78d3fee54ac4cc0a46dcdb3c7f465d) Importer(815301076,1909f56bfc062723c751e8b465ee728b)  -> (artifact id: '08d6d7665390306e220aac99fe67151b') in 0.021898 seconds 
========================================================================
Received Import Request.
  Time since last request: 15.926374 seconds.
  path: Assets/Furniture_ges1/couch2/bed2.jpg
  artifactKey: Guid(875c9fe8f6eaa1446bf1a12d96e7cd4f) Importer(815301076,1909f56bfc062723c751e8b465ee728b)
Start importing Assets/Furniture_ges1/couch2/bed2.jpg using Guid(875c9fe8f6eaa1446bf1a12d96e7cd4f) Importer(815301076,1909f56bfc062723c751e8b465ee728b)  -> (artifact id: '6a5e2a05bcda40234703083239ee84c7') in 0.057926 seconds 
========================================================================
Received Import Request.
  Time since last request: 29.746186 seconds.
  path: Assets/Prefabs/Bed 2/option2.prefab
  artifactKey: Guid(54c833d42456740de9c8a4f0f39d4846) Importer(815301076,1909f56bfc062723c751e8b465ee728b)
Start importing Assets/Prefabs/Bed 2/option2.prefab using Guid(54c833d42456740de9c8a4f0f39d4846) Importer(815301076,1909f56bfc062723c751e8b465ee728b)  -> (artifact id: '6f5da5233c123822e392f0c1be16ce3d') in 0.019979 seconds 
========================================================================
Received Import Request.
  Time since last request: 5.955957 seconds.
  path: Assets/Prefabs/Bed 1/Option 2.prefab
  artifactKey: Guid(424f5f63bc62447f29f4156822007b34) Importer(815301076,1909f56bfc062723c751e8b465ee728b)
Start importing Assets/Prefabs/Bed 1/Option 2.prefab using Guid(424f5f63bc62447f29f4156822007b34) Importer(815301076,1909f56bfc062723c751e8b465ee728b)  -> (artifact id: 'f664e318e36fa2a749cb6423d4a0517f') in 0.018445 seconds 
========================================================================
Received Import Request.
  Time since last request: 82.693378 seconds.
  path: Assets/Furniture_ges1/tumba_fur/tumba_fur.FBX
  artifactKey: Guid(025f4e283fb576840aa96c4bcdb97ba0) Importer(815301076,1909f56bfc062723c751e8b465ee728b)
Start importing Assets/Furniture_ges1/tumba_fur/tumba_fur.FBX using Guid(025f4e283fb576840aa96c4bcdb97ba0) Importer(815301076,1909f56bfc062723c751e8b465ee728b)  -> (artifact id: '2ac35b5660f2b5453bb71d0365de2cff') in 0.052445 seconds 
========================================================================
Received Import Request.
  Time since last request: 25.242072 seconds.
  path: Assets/Furniture_ges1/tv/tv1.FBX
  artifactKey: Guid(23e5f126029186c47a301cb4c506b280) Importer(815301076,1909f56bfc062723c751e8b465ee728b)
Start importing Assets/Furniture_ges1/tv/tv1.FBX using Guid(23e5f126029186c47a301cb4c506b280) Importer(815301076,1909f56bfc062723c751e8b465ee728b)  -> (artifact id: 'b43b97be6fb20cd75396dea018083743') in 0.043993 seconds 
========================================================================
Received Import Request.
  Time since last request: 4.079046 seconds.
  path: Assets/Furniture_ges1/tv/Materials
  artifactKey: Guid(06272445039ca4d4f99629e303025b0d) Importer(815301076,1909f56bfc062723c751e8b465ee728b)
Start importing Assets/Furniture_ges1/tv/Materials using Guid(06272445039ca4d4f99629e303025b0d) Importer(815301076,1909f56bfc062723c751e8b465ee728b)  -> (artifact id: '61a0afd239267081c81c936e74645c3f') in 0.006349 seconds 
========================================================================
Received Import Request.
  Time since last request: 0.015142 seconds.
  path: Assets/Furniture_ges1/tv/Materials/tv_tex.mat
  artifactKey: Guid(eb523bd2fd654e74d9674bc7998f223b) Importer(815301076,1909f56bfc062723c751e8b465ee728b)
Start importing Assets/Furniture_ges1/tv/Materials/tv_tex.mat using Guid(eb523bd2fd654e74d9674bc7998f223b) Importer(815301076,1909f56bfc062723c751e8b465ee728b)  -> (artifact id: '4ee03b7685b82ff5e2a24e86884b2a23') in 0.024087 seconds 
========================================================================
Received Import Request.
  Time since last request: 11.635086 seconds.
  path: Assets/Furniture_ges1/tv/tv1.FBX
  artifactKey: Guid(23e5f126029186c47a301cb4c506b280) Importer(815301076,1909f56bfc062723c751e8b465ee728b)
Start importing Assets/Furniture_ges1/tv/tv1.FBX using Guid(23e5f126029186c47a301cb4c506b280) Importer(815301076,1909f56bfc062723c751e8b465ee728b)  -> (artifact id: '72dbc7c7a2b6c655a1b03441edf5d652') in 0.031680 seconds 
========================================================================
Received Import Request.
  Time since last request: 2.478239 seconds.
  path: Assets/Furniture_ges1/tv/tv1.FBX
  artifactKey: Guid(23e5f126029186c47a301cb4c506b280) Importer(815301076,1909f56bfc062723c751e8b465ee728b)
Start importing Assets/Furniture_ges1/tv/tv1.FBX using Guid(23e5f126029186c47a301cb4c506b280) Importer(815301076,1909f56bfc062723c751e8b465ee728b)  -> (artifact id: '06e8019f678d9c7e22d0bd11e325aaea') in 0.026786 seconds 
========================================================================
Received Import Request.
  Time since last request: 4.139414 seconds.
  path: Assets/Furniture_ges1/tv/tv1.FBX
  artifactKey: Guid(23e5f126029186c47a301cb4c506b280) Importer(815301076,1909f56bfc062723c751e8b465ee728b)
Start importing Assets/Furniture_ges1/tv/tv1.FBX using Guid(23e5f126029186c47a301cb4c506b280) Importer(815301076,1909f56bfc062723c751e8b465ee728b)  -> (artifact id: 'd43633d7d1e109509d0ef4dc580217cf') in 0.017851 seconds 
========================================================================
Received Import Request.
  Time since last request: 4.803977 seconds.
  path: Assets/Prefabs/couch2.prefab
  artifactKey: Guid(6eb060e1bda384fa2a1f65ea37b91e03) Importer(815301076,1909f56bfc062723c751e8b465ee728b)
Start importing Assets/Prefabs/couch2.prefab using Guid(6eb060e1bda384fa2a1f65ea37b91e03) Importer(815301076,1909f56bfc062723c751e8b465ee728b)  -> (artifact id: 'fb5b19079d95c137c56375d82727fff4') in 0.770189 seconds 
========================================================================
Received Import Request.
  Time since last request: 8.560267 seconds.
  path: Assets/Prefabs/couch2.prefab
  artifactKey: Guid(6eb060e1bda384fa2a1f65ea37b91e03) Importer(815301076,1909f56bfc062723c751e8b465ee728b)
Start importing Assets/Prefabs/couch2.prefab using Guid(6eb060e1bda384fa2a1f65ea37b91e03) Importer(815301076,1909f56bfc062723c751e8b465ee728b)  -> (artifact id: '09f80350d91a29075fdcc3ecd0fb304f') in 0.041746 seconds 
========================================================================
Received Import Request.
  Time since last request: 12.065121 seconds.
  path: Assets/BigFurniturePack/Models/bed_1.FBX
  artifactKey: Guid(a66f756b6810535438053fc6a961a201) Importer(815301076,1909f56bfc062723c751e8b465ee728b)
Start importing Assets/BigFurniturePack/Models/bed_1.FBX using Guid(a66f756b6810535438053fc6a961a201) Importer(815301076,1909f56bfc062723c751e8b465ee728b)  -> (artifact id: '73ebada83b91dc5148a666f150e74a06') in 0.065402 seconds 
========================================================================
Received Import Request.
  Time since last request: 0.000025 seconds.
  path: Assets/BigFurniturePack/Models/brush.FBX
  artifactKey: Guid(f6d2bef1bd916964595eabb8b09a0e98) Importer(815301076,1909f56bfc062723c751e8b465ee728b)
Start importing Assets/BigFurniturePack/Models/brush.FBX using Guid(f6d2bef1bd916964595eabb8b09a0e98) Importer(815301076,1909f56bfc062723c751e8b465ee728b)  -> (artifact id: '8bfa4177df3d23162780a8a9bbdfc385') in 0.041621 seconds 
========================================================================
Received Import Request.
  Time since last request: 7.841437 seconds.
  path: Assets/BigFurniturePack/Models/brush.FBX
  artifactKey: Guid(f6d2bef1bd916964595eabb8b09a0e98) Importer(815301076,1909f56bfc062723c751e8b465ee728b)
Start importing Assets/BigFurniturePack/Models/brush.FBX using Guid(f6d2bef1bd916964595eabb8b09a0e98) Importer(815301076,1909f56bfc062723c751e8b465ee728b)  -> (artifact id: '312136486d96d8ef6814da37b8d3d0e6') in 0.038971 seconds 
========================================================================
Received Import Request.
  Time since last request: 6.525444 seconds.
  path: Assets/BigFurniturePack/Models/brush.FBX
  artifactKey: Guid(f6d2bef1bd916964595eabb8b09a0e98) Importer(815301076,1909f56bfc062723c751e8b465ee728b)
Start importing Assets/BigFurniturePack/Models/brush.FBX using Guid(f6d2bef1bd916964595eabb8b09a0e98) Importer(815301076,1909f56bfc062723c751e8b465ee728b)  -> (artifact id: '7808b36d1664d921698acfe96d4c2909') in 0.060152 seconds 
========================================================================
Received Import Request.
  Time since last request: 13.602074 seconds.
  path: Assets/BigFurniturePack/Models/brush.FBX
  artifactKey: Guid(f6d2bef1bd916964595eabb8b09a0e98) Importer(815301076,1909f56bfc062723c751e8b465ee728b)
Start importing Assets/BigFurniturePack/Models/brush.FBX using Guid(f6d2bef1bd916964595eabb8b09a0e98) Importer(815301076,1909f56bfc062723c751e8b465ee728b)  -> (artifact id: '89c4d1ec185d818acc5c0c7e38a4beca') in 0.071179 seconds 
========================================================================
Received Import Request.
  Time since last request: 8.019111 seconds.
  path: Assets/BigFurniturePack/Models/brush.FBX
  artifactKey: Guid(f6d2bef1bd916964595eabb8b09a0e98) Importer(815301076,1909f56bfc062723c751e8b465ee728b)
Start importing Assets/BigFurniturePack/Models/brush.FBX using Guid(f6d2bef1bd916964595eabb8b09a0e98) Importer(815301076,1909f56bfc062723c751e8b465ee728b)  -> (artifact id: 'e2acdd3d93950625e65588ae163f67e5') in 0.038088 seconds 
========================================================================
Received Import Request.
  Time since last request: 0.067539 seconds.
  path: Assets/BigFurniturePack/Models/base_material.mat
  artifactKey: Guid(cd824ea856f8ea645a1e80540044a98e) Importer(815301076,1909f56bfc062723c751e8b465ee728b)
Start importing Assets/BigFurniturePack/Models/base_material.mat using Guid(cd824ea856f8ea645a1e80540044a98e) Importer(815301076,1909f56bfc062723c751e8b465ee728b)  -> (artifact id: '6e26c44272ea3e8d9a88b0325bffb834') in 0.012263 seconds 
========================================================================
Received Import Request.
  Time since last request: 11.408878 seconds.
  path: Assets/BigFurniturePack/Models/brush.FBX
  artifactKey: Guid(f6d2bef1bd916964595eabb8b09a0e98) Importer(815301076,1909f56bfc062723c751e8b465ee728b)
Start importing Assets/BigFurniturePack/Models/brush.FBX using Guid(f6d2bef1bd916964595eabb8b09a0e98) Importer(815301076,1909f56bfc062723c751e8b465ee728b)  -> (artifact id: 'cd874ddc68b6691921d702202b6c599b') in 0.061182 seconds 
========================================================================
Received Import Request.
  Time since last request: 9.867783 seconds.
  path: Assets/BigFurniturePack/Models/brush.FBX
  artifactKey: Guid(f6d2bef1bd916964595eabb8b09a0e98) Importer(815301076,1909f56bfc062723c751e8b465ee728b)
Start importing Assets/BigFurniturePack/Models/brush.FBX using Guid(f6d2bef1bd916964595eabb8b09a0e98) Importer(815301076,1909f56bfc062723c751e8b465ee728b)  -> (artifact id: '76a3b87e8562aef162b3a6c77a612251') in 0.071365 seconds 
========================================================================
Received Import Request.
  Time since last request: 1.861734 seconds.
  path: Assets/BigFurniturePack/Models/brush.FBX
  artifactKey: Guid(f6d2bef1bd916964595eabb8b09a0e98) Importer(815301076,1909f56bfc062723c751e8b465ee728b)
Start importing Assets/BigFurniturePack/Models/brush.FBX using Guid(f6d2bef1bd916964595eabb8b09a0e98) Importer(815301076,1909f56bfc062723c751e8b465ee728b)  -> (artifact id: '8dc408a26563da40b040441e5638ed4a') in 0.034955 seconds 
========================================================================
Received Import Request.
  Time since last request: 3.170746 seconds.
  path: Assets/BigFurniturePack/Models/brush.FBX
  artifactKey: Guid(f6d2bef1bd916964595eabb8b09a0e98) Importer(815301076,1909f56bfc062723c751e8b465ee728b)
Start importing Assets/BigFurniturePack/Models/brush.FBX using Guid(f6d2bef1bd916964595eabb8b09a0e98) Importer(815301076,1909f56bfc062723c751e8b465ee728b)  -> (artifact id: '1610a7b128c1322bbf4c61ba3a894cff') in 0.039719 seconds 
========================================================================
Received Import Request.
  Time since last request: 1.964403 seconds.
  path: Assets/BigFurniturePack/Models/brush.FBX
  artifactKey: Guid(f6d2bef1bd916964595eabb8b09a0e98) Importer(815301076,1909f56bfc062723c751e8b465ee728b)
Start importing Assets/BigFurniturePack/Models/brush.FBX using Guid(f6d2bef1bd916964595eabb8b09a0e98) Importer(815301076,1909f56bfc062723c751e8b465ee728b)  -> (artifact id: '2a0040a12d13389e0d58f8474ecbca82') in 0.072039 seconds 
========================================================================
Received Import Request.
  Time since last request: 16.199473 seconds.
  path: Assets/Prefabs/toiletBrush.prefab
  artifactKey: Guid(ad3e2fd34043248ca95434e004779d8e) Importer(815301076,1909f56bfc062723c751e8b465ee728b)
Start importing Assets/Prefabs/toiletBrush.prefab using Guid(ad3e2fd34043248ca95434e004779d8e) Importer(815301076,1909f56bfc062723c751e8b465ee728b)  -> (artifact id: 'a6c8527943bf245b092b486e5931d23c') in 0.012522 seconds 
========================================================================
Received Import Request.
  Time since last request: 11.235708 seconds.
  path: Assets/Prefabs/Counter Prefabs
  artifactKey: Guid(315acf82b4d894c429069cb0ed5a97d3) Importer(815301076,1909f56bfc062723c751e8b465ee728b)
Start importing Assets/Prefabs/Counter Prefabs using Guid(315acf82b4d894c429069cb0ed5a97d3) Importer(815301076,1909f56bfc062723c751e8b465ee728b)  -> (artifact id: 'baa8aa55d098746b83b145d7d3b34e8a') in 0.008729 seconds 
========================================================================
Received Import Request.
  Time since last request: 0.020252 seconds.
  path: Assets/Prefabs/Counter Prefabs/cabinet1.prefab
  artifactKey: Guid(9a0dab1202d90406880cc471ddd5d375) Importer(815301076,1909f56bfc062723c751e8b465ee728b)
Start importing Assets/Prefabs/Counter Prefabs/cabinet1.prefab using Guid(9a0dab1202d90406880cc471ddd5d375) Importer(815301076,1909f56bfc062723c751e8b465ee728b)  -> (artifact id: '8abd3ca2c2fe1f9fab15785367b52700') in 0.021716 seconds 
========================================================================
Received Import Request.
  Time since last request: 0.000026 seconds.
  path: Assets/Prefabs/Counter Prefabs/cabinet3.prefab
  artifactKey: Guid(b1c91205b1802492bb357aeba3d44685) Importer(815301076,1909f56bfc062723c751e8b465ee728b)
Start importing Assets/Prefabs/Counter Prefabs/cabinet3.prefab using Guid(b1c91205b1802492bb357aeba3d44685) Importer(815301076,1909f56bfc062723c751e8b465ee728b)  -> (artifact id: '68c62bcc9dcae59031f693805ba7fade') in 0.030177 seconds 
========================================================================
Received Import Request.
  Time since last request: 8.871955 seconds.
  path: Assets/Furniture_ges1/sek/Materials/ruch.mat
  artifactKey: Guid(b3b5395afc760c04da69a48b948d6525) Importer(815301076,1909f56bfc062723c751e8b465ee728b)
Start importing Assets/Furniture_ges1/sek/Materials/ruch.mat using Guid(b3b5395afc760c04da69a48b948d6525) Importer(815301076,1909f56bfc062723c751e8b465ee728b)  -> (artifact id: '0bcc5601f4a58c8408b9d503c7a3277f') in 0.013458 seconds 
========================================================================
Received Import Request.
  Time since last request: 0.000026 seconds.
  path: Assets/Furniture_ges1/sek/Materials/sek2.mat
  artifactKey: Guid(4eb757cb0fc539d4f87bfe06c2a35c21) Importer(815301076,1909f56bfc062723c751e8b465ee728b)
Start importing Assets/Furniture_ges1/sek/Materials/sek2.mat using Guid(4eb757cb0fc539d4f87bfe06c2a35c21) Importer(815301076,1909f56bfc062723c751e8b465ee728b)  -> (artifact id: 'da5bf1b5b682d7abc34d9f2e0a16dbc3') in 0.028244 seconds 
========================================================================
Received Import Request.
  Time since last request: 1.645855 seconds.
  path: Assets/Furniture_ges1/tumba_fur/tumba_fur.FBX
  artifactKey: Guid(025f4e283fb576840aa96c4bcdb97ba0) Importer(815301076,1909f56bfc062723c751e8b465ee728b)
Start importing Assets/Furniture_ges1/tumba_fur/tumba_fur.FBX using Guid(025f4e283fb576840aa96c4bcdb97ba0) Importer(815301076,1909f56bfc062723c751e8b465ee728b)  -> (artifact id: '0efbd5a3266dfc6d6f144c10d5bae9a7') in 0.024268 seconds 
========================================================================
Received Import Request.
  Time since last request: 0.305078 seconds.
  path: Assets/Furniture_ges1/tumba_fur/Materials/tumba_texture.mat
  artifactKey: Guid(809a31aaed7d3364eab636c8a903e622) Importer(815301076,1909f56bfc062723c751e8b465ee728b)
Start importing Assets/Furniture_ges1/tumba_fur/Materials/tumba_texture.mat using Guid(809a31aaed7d3364eab636c8a903e622) Importer(815301076,1909f56bfc062723c751e8b465ee728b)  -> (artifact id: '7f04ea647e0fdf3e7f3a4a364822435a') in 0.018951 seconds 
========================================================================
Received Import Request.
  Time since last request: 1.273869 seconds.
  path: Assets/Furniture_ges1/sek/ruch.jpg
  artifactKey: Guid(7eff57087c9e00d4d9c21a4e29b2d6df) Importer(815301076,1909f56bfc062723c751e8b465ee728b)
Start importing Assets/Furniture_ges1/sek/ruch.jpg using Guid(7eff57087c9e00d4d9c21a4e29b2d6df) Importer(815301076,1909f56bfc062723c751e8b465ee728b)  -> (artifact id: '421d6fbc650e12b26d2061af378dde58') in 0.017250 seconds 
========================================================================
Received Import Request.
  Time since last request: 0.000028 seconds.
  path: Assets/Furniture_ges1/sek/sek1.jpg
  artifactKey: Guid(21edafd971eb8fa468654d20e2bdb626) Importer(815301076,1909f56bfc062723c751e8b465ee728b)
Start importing Assets/Furniture_ges1/sek/sek1.jpg using Guid(21edafd971eb8fa468654d20e2bdb626) Importer(815301076,1909f56bfc062723c751e8b465ee728b)  -> (artifact id: 'c61815f03dfd9e886a3727befeddea8c') in 0.037128 seconds 
========================================================================
Received Import Request.
  Time since last request: 0.000027 seconds.
  path: Assets/Furniture_ges1/sek/sek2.jpg
  artifactKey: Guid(99ec543f13aa02b4d9ca730aeb6a1a4e) Importer(815301076,1909f56bfc062723c751e8b465ee728b)
Start importing Assets/Furniture_ges1/sek/sek2.jpg using Guid(99ec543f13aa02b4d9ca730aeb6a1a4e) Importer(815301076,1909f56bfc062723c751e8b465ee728b)  -> (artifact id: '4d4868db4ddf7de71003371e41e998be') in 0.012764 seconds 
========================================================================
Received Import Request.
  Time since last request: 0.000027 seconds.
  path: Assets/Furniture_ges1/sek/sek1_normal.jpg
  artifactKey: Guid(fea375922baeca54c8659560ea616db2) Importer(815301076,1909f56bfc062723c751e8b465ee728b)
Start importing Assets/Furniture_ges1/sek/sek1_normal.jpg using Guid(fea375922baeca54c8659560ea616db2) Importer(815301076,1909f56bfc062723c751e8b465ee728b)  -> (artifact id: '964463e18024f94a6a50da56993835b5') in 0.013582 seconds 
========================================================================
Received Import Request.
  Time since last request: 2.634304 seconds.
  path: Assets/Furniture_ges1/glass_table/refl.jpg
  artifactKey: Guid(fd5df1c9f0ab41e468cfbd105c0e0a8c) Importer(815301076,1909f56bfc062723c751e8b465ee728b)
Start importing Assets/Furniture_ges1/glass_table/refl.jpg using Guid(fd5df1c9f0ab41e468cfbd105c0e0a8c) Importer(815301076,1909f56bfc062723c751e8b465ee728b)  -> (artifact id: '09c2dbf2bbef2fd261fb27e22aeb8d91') in 0.022378 seconds 
Editor requested this worker to shutdown with reason: Scaling down because of idle timeout
AssetImportWorker is now disconnected from the server
Process exiting
Exiting without the bug reporter. Application will terminate with return code 0